  [4;36;1mSQL (0.2ms)[0m   [0;1mSET NAMES 'utf8'[0m
  [4;35;1mSQL (0.1ms)[0m   [0mSET SQL_AUTO_IS_NULL=0[0m
  [4;36;1mSQL (0.3ms)[0m   [0;1mSHOW TABLES[0m
  [4;35;1mSQL (114.7ms)[0m   [0mCREATE TABLE `schema_migrations` (`version` varchar(255) NOT NULL) ENGINE=InnoDB[0m
  [4;36;1mSQL (0.8ms)[0m   [0;1mSHOW KEYS FROM `schema_migrations`[0m
  [4;35;1mSQL (464.9ms)[0m   [0mCREATE UNIQUE INDEX `unique_schema_migrations` ON `schema_migrations` (`version`)[0m
  [4;36;1mSQL (0.3ms)[0m   [0;1mSHOW TABLES[0m
  [4;35;1mSQL (0.2ms)[0m   [0mSELECT version FROM schema_migrations[0m
Migrating to CreateHighScores (20130822052553)
  [4;36;1mSQL (221.0ms)[0m   [0;1mCREATE TABLE `high_scores` (`id` int(11) DEFAULT NULL auto_increment PRIMARY KEY, `game` varchar(255), `score` int(11), `playerName` varchar(255), `created_at` datetime, `updated_at` datetime) ENGINE=InnoDB[0m
  [4;35;1mSQL (13.1ms)[0m   [0mINSERT INTO schema_migrations (version) VALUES ('20130822052553')[0m
  [4;36;1mSQL (0.4ms)[0m   [0;1mSHOW TABLES[0m
  [4;35;1mSQL (0.2ms)[0m   [0mSELECT version FROM schema_migrations[0m
  [4;36;1mSQL (0.2ms)[0m   [0;1mSHOW TABLES[0m
  [4;35;1mSQL (64.2ms)[0m   [0mSHOW FIELDS FROM `high_scores`[0m
  [4;36;1mSQL (24.0ms)[0m   [0;1mdescribe `high_scores`[0m
  [4;35;1mSQL (7.9ms)[0m   [0mSHOW KEYS FROM `high_scores`[0m
  [4;36;1mSQL (1.3ms)[0m   [0;1mSET NAMES 'utf8'[0m
  [4;35;1mSQL (0.1ms)[0m   [0mSET SQL_AUTO_IS_NULL=0[0m


Processing ApplicationController#index (for 127.0.0.1 at 2013-08-22 11:26:39) [GET]

ActionController::RoutingError (No route matches "/" with {:method=>:get}):
  /Users/manikandanpanchanathan/.rvm/rubies/ruby-1.8.7-p370/lib/ruby/1.8/webrick/httpserver.rb:104:in `service'
  /Users/manikandanpanchanathan/.rvm/rubies/ruby-1.8.7-p370/lib/ruby/1.8/webrick/httpserver.rb:65:in `run'
  /Users/manikandanpanchanathan/.rvm/rubies/ruby-1.8.7-p370/lib/ruby/1.8/webrick/server.rb:173:in `start_thread'
  /Users/manikandanpanchanathan/.rvm/rubies/ruby-1.8.7-p370/lib/ruby/1.8/webrick/server.rb:162:in `start'
  /Users/manikandanpanchanathan/.rvm/rubies/ruby-1.8.7-p370/lib/ruby/1.8/webrick/server.rb:162:in `start_thread'
  /Users/manikandanpanchanathan/.rvm/rubies/ruby-1.8.7-p370/lib/ruby/1.8/webrick/server.rb:95:in `start'
  /Users/manikandanpanchanathan/.rvm/rubies/ruby-1.8.7-p370/lib/ruby/1.8/webrick/server.rb:92:in `each'
  /Users/manikandanpanchanathan/.rvm/rubies/ruby-1.8.7-p370/lib/ruby/1.8/webrick/server.rb:92:in `start'
  /Users/manikandanpanchanathan/.rvm/rubies/ruby-1.8.7-p370/lib/ruby/1.8/webrick/server.rb:23:in `start'
  /Users/manikandanpanchanathan/.rvm/rubies/ruby-1.8.7-p370/lib/ruby/1.8/webrick/server.rb:82:in `start'

Rendering rescues/layout (not_found)
  [4;36;1mSQL (0.2ms)[0m   [0;1mSET NAMES 'utf8'[0m
  [4;35;1mSQL (0.2ms)[0m   [0mSET SQL_AUTO_IS_NULL=0[0m


Processing HighScoresController#index (for 127.0.0.1 at 2013-08-22 11:27:22) [GET]
  [4;36;1mHighScore Load (3.3ms)[0m   [0;1mSELECT * FROM `high_scores` [0m
Rendering template within layouts/high_scores
Rendering high_scores/index
Completed in 207ms (View: 190, DB: 4) | 200 OK [http://0.0.0.0/]
  [4;35;1mSQL (0.2ms)[0m   [0mSET NAMES 'utf8'[0m
  [4;36;1mSQL (0.6ms)[0m   [0;1mSET SQL_AUTO_IS_NULL=0[0m


Processing HighScoresController#new (for 127.0.0.1 at 2013-08-22 11:27:28) [GET]
  [4;35;1mHighScore Columns (11.6ms)[0m   [0mSHOW FIELDS FROM `high_scores`[0m
Rendering template within layouts/high_scores
Rendering high_scores/new
Completed in 173ms (View: 129, DB: 12) | 200 OK [http://0.0.0.0/high_scores/new]
  [4;36;1mSQL (0.1ms)[0m   [0;1mSET NAMES 'utf8'[0m
  [4;35;1mSQL (0.1ms)[0m   [0mSET SQL_AUTO_IS_NULL=0[0m


Processing HighScoresController#create (for 127.0.0.1 at 2013-08-22 11:27:40) [POST]
  Parameters: {"authenticity_token"=>"WUDacZWRl5Y9vjzBsR5gJaG+S9PapaWct8J4N7HhlLA=", "commit"=>"Create", "high_score"=>{"playerName"=>"Bharath", "game"=>"Tennis", "score"=>"6"}}
  [4;36;1mHighScore Columns (1.9ms)[0m   [0;1mSHOW FIELDS FROM `high_scores`[0m
  [4;35;1mSQL (0.2ms)[0m   [0mBEGIN[0m
  [4;36;1mHighScore Create (0.3ms)[0m   [0;1mINSERT INTO `high_scores` (`updated_at`, `playerName`, `created_at`, `game`, `score`) VALUES('2013-08-22 05:57:40', 'Bharath', '2013-08-22 05:57:40', 'Tennis', 6)[0m
  [4;35;1mSQL (0.4ms)[0m   [0mCOMMIT[0m
Redirected to http://0.0.0.0:3000/high_scores/1
Completed in 13ms (DB: 3) | 302 Found [http://0.0.0.0/high_scores]
  [4;36;1mSQL (0.1ms)[0m   [0;1mSET NAMES 'utf8'[0m
  [4;35;1mSQL (0.1ms)[0m   [0mSET SQL_AUTO_IS_NULL=0[0m


Processing HighScoresController#show (for 127.0.0.1 at 2013-08-22 11:27:40) [GET]
  Parameters: {"id"=>"1"}
  [4;36;1mHighScore Columns (2.2ms)[0m   [0;1mSHOW FIELDS FROM `high_scores`[0m
  [4;35;1mHighScore Load (27.8ms)[0m   [0mSELECT * FROM `high_scores` WHERE (`high_scores`.`id` = 1) [0m
Rendering template within layouts/high_scores
Rendering high_scores/show
Completed in 45ms (View: 7, DB: 30) | 200 OK [http://0.0.0.0/high_scores/1]
  [4;36;1mSQL (0.2ms)[0m   [0;1mSET NAMES 'utf8'[0m
  [4;35;1mSQL (0.1ms)[0m   [0mSET SQL_AUTO_IS_NULL=0[0m


Processing HighScoresController#index (for 127.0.0.1 at 2013-08-22 11:27:43) [GET]
  [4;36;1mHighScore Load (0.5ms)[0m   [0;1mSELECT * FROM `high_scores` [0m
Rendering template within layouts/high_scores
Rendering high_scores/index
  [4;35;1mHighScore Columns (2.4ms)[0m   [0mSHOW FIELDS FROM `high_scores`[0m
Completed in 17ms (View: 7, DB: 3) | 200 OK [http://0.0.0.0/high_scores]
  [4;36;1mSQL (0.2ms)[0m   [0;1mSET NAMES 'utf8'[0m
  [4;35;1mSQL (0.2ms)[0m   [0mSET SQL_AUTO_IS_NULL=0[0m


Processing HighScoresController#show (for 127.0.0.1 at 2013-08-22 11:27:47) [GET]
  Parameters: {"id"=>"1"}
  [4;36;1mHighScore Columns (2.7ms)[0m   [0;1mSHOW FIELDS FROM `high_scores`[0m
  [4;35;1mHighScore Load (0.3ms)[0m   [0mSELECT * FROM `high_scores` WHERE (`high_scores`.`id` = 1) [0m
Rendering template within layouts/high_scores
Rendering high_scores/show
Completed in 13ms (View: 3, DB: 3) | 200 OK [http://0.0.0.0/high_scores/1]
  [4;36;1mSQL (0.2ms)[0m   [0;1mSET NAMES 'utf8'[0m
  [4;35;1mSQL (0.2ms)[0m   [0mSET SQL_AUTO_IS_NULL=0[0m


Processing HighScoresController#index (for 127.0.0.1 at 2013-08-22 11:28:22) [GET]
  [4;36;1mHighScore Load (0.5ms)[0m   [0;1mSELECT * FROM `high_scores` [0m
Rendering template within layouts/high_scores
Rendering high_scores/index
  [4;35;1mHighScore Columns (2.0ms)[0m   [0mSHOW FIELDS FROM `high_scores`[0m
Completed in 24ms (View: 13, DB: 3) | 200 OK [http://0.0.0.0/high_scores]
  [4;36;1mSQL (0.1ms)[0m   [0;1mSET NAMES 'utf8'[0m
  [4;35;1mSQL (0.1ms)[0m   [0mSET SQL_AUTO_IS_NULL=0[0m


Processing HighScoresController#index (for 127.0.0.1 at 2013-08-22 11:28:31) [GET]
  [4;36;1mHighScore Load (0.4ms)[0m   [0;1mSELECT * FROM `high_scores` [0m
Rendering template within layouts/high_scores
Rendering high_scores/index
  [4;35;1mHighScore Columns (2.7ms)[0m   [0mSHOW FIELDS FROM `high_scores`[0m
Completed in 88ms (View: 80, DB: 3) | 200 OK [http://0.0.0.0/high_scores]
  [4;36;1mSQL (3.5ms)[0m   [0;1mSET NAMES 'utf8'[0m
  [4;35;1mSQL (0.2ms)[0m   [0mSET SQL_AUTO_IS_NULL=0[0m


Processing HighScoresController#index (for 127.0.0.1 at 2013-08-22 11:29:04) [GET]
  [4;36;1mHighScore Load (0.4ms)[0m   [0;1mSELECT * FROM `high_scores` [0m
Rendering template within layouts/high_scores
Rendering high_scores/index
  [4;35;1mHighScore Columns (2.0ms)[0m   [0mSHOW FIELDS FROM `high_scores`[0m
Completed in 25ms (View: 13, DB: 6) | 200 OK [http://0.0.0.0/high_scores]
  [4;36;1mSQL (0.1ms)[0m   [0;1mSET NAMES 'utf8'[0m
  [4;35;1mSQL (0.1ms)[0m   [0mSET SQL_AUTO_IS_NULL=0[0m


Processing HighScoresController#new (for 127.0.0.1 at 2013-08-22 11:29:17) [GET]
  [4;36;1mHighScore Columns (1.8ms)[0m   [0;1mSHOW FIELDS FROM `high_scores`[0m
Rendering template within layouts/high_scores
Rendering high_scores/new
Completed in 62ms (View: 56, DB: 2) | 200 OK [http://0.0.0.0/high_scores/new]
  [4;35;1mSQL (0.2ms)[0m   [0mSET NAMES 'utf8'[0m
  [4;36;1mSQL (0.1ms)[0m   [0;1mSET SQL_AUTO_IS_NULL=0[0m


Processing HighScoresController#create (for 127.0.0.1 at 2013-08-22 11:29:29) [POST]
  Parameters: {"authenticity_token"=>"WUDacZWRl5Y9vjzBsR5gJaG+S9PapaWct8J4N7HhlLA=", "commit"=>"Create", "high_score"=>{"playerName"=>"Sachin", "game"=>"Cricket", "score"=>"156"}}
  [4;35;1mHighScore Columns (1.9ms)[0m   [0mSHOW FIELDS FROM `high_scores`[0m
  [4;36;1mSQL (0.5ms)[0m   [0;1mBEGIN[0m
  [4;35;1mHighScore Create (3.5ms)[0m   [0mINSERT INTO `high_scores` (`updated_at`, `playerName`, `created_at`, `game`, `score`) VALUES('2013-08-22 05:59:29', 'Sachin', '2013-08-22 05:59:29', 'Cricket', 156)[0m
  [4;36;1mSQL (0.4ms)[0m   [0;1mCOMMIT[0m
Redirected to http://0.0.0.0:3000/high_scores/2
Completed in 20ms (DB: 7) | 302 Found [http://0.0.0.0/high_scores]
  [4;35;1mSQL (0.1ms)[0m   [0mSET NAMES 'utf8'[0m
  [4;36;1mSQL (0.1ms)[0m   [0;1mSET SQL_AUTO_IS_NULL=0[0m


Processing HighScoresController#show (for 127.0.0.1 at 2013-08-22 11:29:29) [GET]
  Parameters: {"id"=>"2"}
  [4;35;1mHighScore Columns (3.6ms)[0m   [0mSHOW FIELDS FROM `high_scores`[0m
  [4;36;1mHighScore Load (0.4ms)[0m   [0;1mSELECT * FROM `high_scores` WHERE (`high_scores`.`id` = 2) [0m
Rendering template within layouts/high_scores
Rendering high_scores/show
Completed in 39ms (View: 4, DB: 4) | 200 OK [http://0.0.0.0/high_scores/2]
  [4;35;1mSQL (0.1ms)[0m   [0mSET NAMES 'utf8'[0m
  [4;36;1mSQL (0.1ms)[0m   [0;1mSET SQL_AUTO_IS_NULL=0[0m


Processing HighScoresController#index (for 127.0.0.1 at 2013-08-22 11:29:31) [GET]
  [4;35;1mHighScore Load (0.5ms)[0m   [0mSELECT * FROM `high_scores` [0m
Rendering template within layouts/high_scores
Rendering high_scores/index
  [4;36;1mHighScore Columns (2.4ms)[0m   [0;1mSHOW FIELDS FROM `high_scores`[0m
Completed in 20ms (View: 8, DB: 3) | 200 OK [http://0.0.0.0/high_scores]
  [4;35;1mSQL (0.1ms)[0m   [0mSET NAMES 'utf8'[0m
  [4;36;1mSQL (0.1ms)[0m   [0;1mSET SQL_AUTO_IS_NULL=0[0m


Processing HighScoresController#index (for 127.0.0.1 at 2013-08-22 11:31:08) [GET]
  [4;35;1mHighScore Load (0.7ms)[0m   [0mSELECT * FROM `high_scores` [0m
Rendering template within layouts/high_scores
Rendering high_scores/index
  [4;36;1mHighScore Columns (16.5ms)[0m   [0;1mSHOW FIELDS FROM `high_scores`[0m
Completed in 34ms (View: 11, DB: 18) | 200 OK [http://0.0.0.0/high_scores]
  [4;35;1mSQL (0.1ms)[0m   [0mSET NAMES 'utf8'[0m
  [4;36;1mSQL (0.1ms)[0m   [0;1mSET SQL_AUTO_IS_NULL=0[0m


Processing HighScoresController#new (for 127.0.0.1 at 2013-08-22 11:31:11) [GET]
  [4;35;1mHighScore Columns (3.6ms)[0m   [0mSHOW FIELDS FROM `high_scores`[0m
Rendering template within layouts/high_scores
Rendering high_scores/new
Completed in 146ms (View: 138, DB: 4) | 200 OK [http://0.0.0.0/high_scores/new]
  [4;36;1mSQL (0.2ms)[0m   [0;1mSET NAMES 'utf8'[0m
  [4;35;1mSQL (0.1ms)[0m   [0mSET SQL_AUTO_IS_NULL=0[0m


Processing HighScoresController#create (for 127.0.0.1 at 2013-08-22 11:31:21) [POST]
  Parameters: {"authenticity_token"=>"WUDacZWRl5Y9vjzBsR5gJaG+S9PapaWct8J4N7HhlLA=", "commit"=>"Create", "high_score"=>{"playerName"=>"Saina", "game"=>"Badminton", "score"=>"7"}}
  [4;36;1mHighScore Columns (1.8ms)[0m   [0;1mSHOW FIELDS FROM `high_scores`[0m
  [4;35;1mSQL (0.2ms)[0m   [0mBEGIN[0m
  [4;36;1mHighScore Create (0.3ms)[0m   [0;1mINSERT INTO `high_scores` (`updated_at`, `playerName`, `created_at`, `game`, `score`) VALUES('2013-08-22 06:01:21', 'Saina', '2013-08-22 06:01:21', 'Badminton', 7)[0m
  [4;35;1mSQL (0.4ms)[0m   [0mCOMMIT[0m
Redirected to http://0.0.0.0:3000/high_scores/3
Completed in 20ms (DB: 3) | 302 Found [http://0.0.0.0/high_scores]
  [4;36;1mSQL (7.0ms)[0m   [0;1mSET NAMES 'utf8'[0m
  [4;35;1mSQL (0.3ms)[0m   [0mSET SQL_AUTO_IS_NULL=0[0m


Processing HighScoresController#show (for 127.0.0.1 at 2013-08-22 11:31:21) [GET]
  Parameters: {"id"=>"3"}
  [4;36;1mHighScore Columns (1.9ms)[0m   [0;1mSHOW FIELDS FROM `high_scores`[0m
  [4;35;1mHighScore Load (0.3ms)[0m   [0mSELECT * FROM `high_scores` WHERE (`high_scores`.`id` = 3) [0m
Rendering template within layouts/high_scores
Rendering high_scores/show
Completed in 12ms (View: 5, DB: 10) | 200 OK [http://0.0.0.0/high_scores/3]
  [4;36;1mSQL (0.2ms)[0m   [0;1mSET NAMES 'utf8'[0m
  [4;35;1mSQL (0.1ms)[0m   [0mSET SQL_AUTO_IS_NULL=0[0m


Processing HighScoresController#index (for 127.0.0.1 at 2013-08-22 11:31:25) [GET]
  [4;36;1mHighScore Load (0.4ms)[0m   [0;1mSELECT * FROM `high_scores` [0m
Rendering template within layouts/high_scores
Rendering high_scores/index
  [4;35;1mHighScore Columns (3.4ms)[0m   [0mSHOW FIELDS FROM `high_scores`[0m
Completed in 17ms (View: 9, DB: 4) | 200 OK [http://0.0.0.0/high_scores]
  [4;36;1mSQL (0.1ms)[0m   [0;1mSET NAMES 'utf8'[0m
  [4;35;1mSQL (0.1ms)[0m   [0mSET SQL_AUTO_IS_NULL=0[0m


Processing HighScoresController#show (for 127.0.0.1 at 2013-08-22 11:31:53) [GET]
  Parameters: {"id"=>"2"}
  [4;36;1mHighScore Columns (1.9ms)[0m   [0;1mSHOW FIELDS FROM `high_scores`[0m
  [4;35;1mHighScore Load (0.3ms)[0m   [0mSELECT * FROM `high_scores` WHERE (`high_scores`.`id` = 2) [0m
Rendering template within layouts/high_scores
Rendering high_scores/show
Completed in 12ms (View: 6, DB: 2) | 200 OK [http://0.0.0.0/high_scores/2]
  [4;36;1mSQL (0.1ms)[0m   [0;1mSET NAMES 'utf8'[0m
  [4;35;1mSQL (0.1ms)[0m   [0mSET SQL_AUTO_IS_NULL=0[0m


Processing HighScoresController#index (for 127.0.0.1 at 2013-08-22 11:31:54) [GET]
  [4;36;1mHighScore Load (0.4ms)[0m   [0;1mSELECT * FROM `high_scores` [0m
Rendering template within layouts/high_scores
Rendering high_scores/index
  [4;35;1mHighScore Columns (2.5ms)[0m   [0mSHOW FIELDS FROM `high_scores`[0m
Completed in 16ms (View: 9, DB: 3) | 200 OK [http://0.0.0.0/high_scores]
  [4;36;1mSQL (0.1ms)[0m   [0;1mSET NAMES 'utf8'[0m
  [4;35;1mSQL (0.1ms)[0m   [0mSET SQL_AUTO_IS_NULL=0[0m


Processing HighScoresController#show (for 127.0.0.1 at 2013-08-22 11:31:57) [GET]
  Parameters: {"id"=>"2"}
  [4;36;1mHighScore Columns (2.6ms)[0m   [0;1mSHOW FIELDS FROM `high_scores`[0m
  [4;35;1mHighScore Load (0.3ms)[0m   [0mSELECT * FROM `high_scores` WHERE (`high_scores`.`id` = 2) [0m
Rendering template within layouts/high_scores
Rendering high_scores/show
Completed in 17ms (View: 6, DB: 3) | 200 OK [http://0.0.0.0/high_scores/2]
  [4;36;1mSQL (0.1ms)[0m   [0;1mSET NAMES 'utf8'[0m
  [4;35;1mSQL (0.2ms)[0m   [0mSET SQL_AUTO_IS_NULL=0[0m


Processing HighScoresController#new (for 127.0.0.1 at 2013-08-22 11:32:35) [GET]
  [4;36;1mHighScore Columns (3.3ms)[0m   [0;1mSHOW FIELDS FROM `high_scores`[0m
Rendering template within layouts/high_scores
Rendering high_scores/new
Completed in 69ms (View: 61, DB: 4) | 200 OK [http://0.0.0.0/high_scores/new]
  [4;35;1mSQL (0.1ms)[0m   [0mSET NAMES 'utf8'[0m
  [4;36;1mSQL (0.1ms)[0m   [0;1mSET SQL_AUTO_IS_NULL=0[0m


Processing HighScoresController#index (for 127.0.0.1 at 2013-08-22 11:32:36) [GET]
  [4;35;1mHighScore Load (0.5ms)[0m   [0mSELECT * FROM `high_scores` [0m
Rendering template within layouts/high_scores
Rendering high_scores/index
  [4;36;1mHighScore Columns (2.4ms)[0m   [0;1mSHOW FIELDS FROM `high_scores`[0m
Completed in 131ms (View: 14, DB: 3) | 200 OK [http://0.0.0.0/high_scores]
  [4;35;1mSQL (0.1ms)[0m   [0mSET NAMES 'utf8'[0m
  [4;36;1mSQL (0.1ms)[0m   [0;1mSET SQL_AUTO_IS_NULL=0[0m


Processing HighScoresController#show (for 127.0.0.1 at 2013-08-22 11:33:33) [GET]
  Parameters: {"id"=>"1"}
  [4;35;1mHighScore Columns (1.9ms)[0m   [0mSHOW FIELDS FROM `high_scores`[0m
  [4;36;1mHighScore Load (0.3ms)[0m   [0;1mSELECT * FROM `high_scores` WHERE (`high_scores`.`id` = 1) [0m
Rendering template within layouts/high_scores
Rendering high_scores/show
Completed in 10ms (View: 3, DB: 2) | 200 OK [http://0.0.0.0/high_scores/1]
  [4;35;1mSQL (0.1ms)[0m   [0mSET NAMES 'utf8'[0m
  [4;36;1mSQL (0.1ms)[0m   [0;1mSET SQL_AUTO_IS_NULL=0[0m


Processing HighScoresController#edit (for 127.0.0.1 at 2013-08-22 11:33:34) [GET]
  Parameters: {"id"=>"1"}
  [4;35;1mHighScore Columns (2.6ms)[0m   [0mSHOW FIELDS FROM `high_scores`[0m
  [4;36;1mHighScore Load (0.3ms)[0m   [0;1mSELECT * FROM `high_scores` WHERE (`high_scores`.`id` = 1) [0m
Rendering template within layouts/high_scores
Rendering high_scores/edit
Completed in 65ms (View: 58, DB: 3) | 200 OK [http://0.0.0.0/high_scores/1/edit]
  [4;35;1mSQL (0.2ms)[0m   [0mSET NAMES 'utf8'[0m
  [4;36;1mSQL (0.1ms)[0m   [0;1mSET SQL_AUTO_IS_NULL=0[0m


Processing HighScoresController#update (for 127.0.0.1 at 2013-08-22 11:33:43) [PUT]
  Parameters: {"id"=>"1", "authenticity_token"=>"WUDacZWRl5Y9vjzBsR5gJaG+S9PapaWct8J4N7HhlLA=", "commit"=>"Update", "high_score"=>{"playerName"=>"Bharath B", "game"=>"Tennis", "score"=>"6"}}
  [4;35;1mHighScore Columns (6.3ms)[0m   [0mSHOW FIELDS FROM `high_scores`[0m
  [4;36;1mHighScore Load (0.4ms)[0m   [0;1mSELECT * FROM `high_scores` WHERE (`high_scores`.`id` = 1) [0m
  [4;35;1mSQL (0.1ms)[0m   [0mBEGIN[0m
  [4;36;1mHighScore Update (0.4ms)[0m   [0;1mUPDATE `high_scores` SET `updated_at` = '2013-08-22 06:03:43', `playerName` = 'Bharath B' WHERE `id` = 1[0m
  [4;35;1mSQL (0.4ms)[0m   [0mCOMMIT[0m
Redirected to http://0.0.0.0:3000/high_scores/1
Completed in 20ms (DB: 8) | 302 Found [http://0.0.0.0/high_scores/1]
  [4;36;1mSQL (0.2ms)[0m   [0;1mSET NAMES 'utf8'[0m
  [4;35;1mSQL (0.2ms)[0m   [0mSET SQL_AUTO_IS_NULL=0[0m


Processing HighScoresController#show (for 127.0.0.1 at 2013-08-22 11:33:43) [GET]
  Parameters: {"id"=>"1"}
  [4;36;1mHighScore Columns (7.0ms)[0m   [0;1mSHOW FIELDS FROM `high_scores`[0m
  [4;35;1mHighScore Load (0.6ms)[0m   [0mSELECT * FROM `high_scores` WHERE (`high_scores`.`id` = 1) [0m
Rendering template within layouts/high_scores
Rendering high_scores/show
Completed in 16ms (View: 3, DB: 8) | 200 OK [http://0.0.0.0/high_scores/1]
  [4;36;1mSQL (0.1ms)[0m   [0;1mSET NAMES 'utf8'[0m
  [4;35;1mSQL (2.2ms)[0m   [0mSET SQL_AUTO_IS_NULL=0[0m


Processing HighScoresController#index (for 127.0.0.1 at 2013-08-22 11:33:45) [GET]
  [4;36;1mHighScore Load (0.4ms)[0m   [0;1mSELECT * FROM `high_scores` [0m
Rendering template within layouts/high_scores
Rendering high_scores/index
  [4;35;1mHighScore Columns (4.7ms)[0m   [0mSHOW FIELDS FROM `high_scores`[0m
Completed in 22ms (View: 10, DB: 7) | 200 OK [http://0.0.0.0/high_scores]
  [4;36;1mSQL (0.1ms)[0m   [0;1mSET NAMES 'utf8'[0m
  [4;35;1mSQL (0.1ms)[0m   [0mSET SQL_AUTO_IS_NULL=0[0m


Processing HighScoresController#new to xml (for 127.0.0.1 at 2013-08-22 11:37:15) [GET]
  [4;36;1mHighScore Columns (3.0ms)[0m   [0;1mSHOW FIELDS FROM `high_scores`[0m
Completed in 12ms (View: 2, DB: 3) | 200 OK [http://0.0.0.0/high_scores/new.xml]
  [4;35;1mSQL (0.1ms)[0m   [0mSET NAMES 'utf8'[0m
  [4;36;1mSQL (0.1ms)[0m   [0;1mSET SQL_AUTO_IS_NULL=0[0m


Processing HighScoresController#new to xml (for 127.0.0.1 at 2013-08-22 11:37:50) [GET]
  [4;35;1mHighScore Columns (1.9ms)[0m   [0mSHOW FIELDS FROM `high_scores`[0m
Completed in 9ms (View: 3, DB: 2) | 200 OK [http://0.0.0.0/high_scores/new.xml]
  [4;36;1mSQL (0.1ms)[0m   [0;1mSET NAMES 'utf8'[0m
  [4;35;1mSQL (0.1ms)[0m   [0mSET SQL_AUTO_IS_NULL=0[0m


Processing HighScoresController#index to xml (for 127.0.0.1 at 2013-08-22 11:38:13) [GET]
  [4;36;1mHighScore Load (0.4ms)[0m   [0;1mSELECT * FROM `high_scores` [0m
  [4;35;1mHighScore Columns (1.9ms)[0m   [0mSHOW FIELDS FROM `high_scores`[0m
Completed in 139ms (View: 40, DB: 3) | 200 OK [http://0.0.0.0/high_scores.xml]
  [4;36;1mSQL (0.1ms)[0m   [0;1mSET NAMES 'utf8'[0m
  [4;35;1mSQL (0.1ms)[0m   [0mSET SQL_AUTO_IS_NULL=0[0m


Processing HighScoresController#index (for 127.0.0.1 at 2013-08-22 11:51:02) [GET]
  [4;36;1mHighScore Load (0.6ms)[0m   [0;1mSELECT * FROM `high_scores` [0m
Rendering template within layouts/high_scores
Rendering high_scores/index
  [4;35;1mHighScore Columns (11.9ms)[0m   [0mSHOW FIELDS FROM `high_scores`[0m
Completed in 31ms (View: 13, DB: 13) | 200 OK [http://0.0.0.0/]
